out.txt
OK 11111111111
2009
data/XIXI_DATA1.root, DATA, 2009, number : 3519
data/XIXI_BKG1.root, BKG, 2009, number : 6724
data/XIXI_PHSP1.root, PHSP, 2009, number : 33630
data/XIXI_DATA2.root, DATA, 2009, number : 3529
data/XIXI_BKG2.root, BKG, 2009, number : 5319
data/XIXI_PHSP2.root, PHSP, 2009, number : 33134
N[0][0] : 3519
N[0][1] : 6724
N[0][2] : 33630
N[0][3] : 3529
N[0][4] : 5319
N[0][5] : 33134
33631
7209.63
-716.978
-364.756
-71.5553
14.0656
129.49
45.0221
32.8348
171.114
19.1511
-27.4567
47.594
-44.1897
12.9542
-12.9167
4.45535
-11.8282
-9.1085
17.291
-143.909
-33.9803
0.374341
-14.5962
-131.043
-31.9889
-16.3748
-3.44124
-1.71185
-1.49687
-6.3588
-3.02171
0.870186
-4.15724
-14.8464
-29.0574
-23.0204
3.82593
-4.57501
-16.634
6.95579
0.109692
-27.0815
-14.6013
21.2915
-13.7484
26.1022
-69.8693
-8.78035
-41.6726
-7.53576
-23.249
19.5352
2.76715
-41.4589
-35.9463
-2.74649
127.309
-0.364027
59.2365
-15.0125
19.3726
7.86958
1.07771
-3.06794
-5.93295
10.9557
3.06141
-9.20587
-8.79418
11.1328
66.7776
0.575129
15.6053
-5.27424
26.7531
7.16934
42.8174
-7.56877
16.9962
-29.0543
-1.19867
-48.9863
-5.13362
-9.48301
3.17171
3.31286
-34.7756
2.47823
6.85086
-17.5228
35.6898
-56.3729
27.1252
-4.95355
-7.42723
11.781
-19.6267
33.475
18.5682
-13.4456
14.1786
19.3973
1.52462
17.2976
9.9222
5.02423
2.03798
42.9638
5.57107
-29.7706
-8.33564
-11.2005
-16.4954
-1.47328
-0.0869605
18.4418
23.0695
-9.23755
-12.8841
12.1879
4.52511
14.2018
43.456
-1.76291
0.763994
9.1839
-33.1055
50.8909
15.8847
2.17055
-6.45188
35.4623
5.98604
-5.41153
3.63553
15.9043
-0.547587
-0.209118
-0.639369
-33.7003
2.28319
2.92406
-1.58789
3.30261
0.75382
1.35093
-1.02771
-5.91057
-3.99228
5.86147
-1.50573
-157.208
-33.144
-444.82
-56.4871
-60.2026
-5.87319
-151.983
-19.8611
-107.942
-51.2206
-148.217
-0.0662467
-6.65479
-6.37423
-62.3215
-3.96949
-68.6092
-13.8764
75.8878
21.5519
42.2036
6.08453
-29.4168
-10.2154
-1.53314
-4.49501
27.7111
15.7619
2.62081
-8.00783
-4.80212
-1.90548
33135
7300.52
36.0467
38.3811
-550.665
-374.57
-94.0995
2.75662
-11.1989
-106.255
-6.77096
35.2228
-33.8269
1.28405
-62.7448
0.516124
-3.76947
16.3799
10.3533
0.900091
-177.723
-24.0822
39.0491
5.60157
-52.3512
-9.22676
-18.2599
7.61497
-5.19884
8.16399
-2.17902
-33.4259
-5.45268
-18.2139
-28.2835
-9.5411
-7.20788
-24.9782
-10.1658
-127.448
5.01116
28.6833
-4.52476
10.9635
7.76681
-18.4134
3.33846
-57.8281
-9.33827
-63.2218
-31.9221
-12.9597
21.9758
-4.01137
-4.50701
-19.6657
56.8783
-7.16689
9.59001
-22.3806
14.1205
6.75247
-7.9011
-9.83064
4.05594
7.84347
-1.38371
0.302616
-3.81447
82.8242
7.85653
-51.798
2.3688
6.74557
2.00994
-10.1565
24.0405
-20.0891
-12.6497
-5.38074
-63.4209
-10.9023
109.647
7.57275
-5.39786
-0.940503
-28.1681
-28.0566
15.9152
2.96447
5.59606
-57.2377
-48.0056
16.4863
1.63353
13.7036
4.56594
3.37047
11.3793
-11.3726
-8.56297
-3.23961
0.9044
5.3901
9.10815
4.50907
-5.28651
8.84073
10.6236
-4.73413
-84.3043
-1.69674
12.2989
-15.6354
-1.79645
4.17668
7.35407
25.9561
18.8159
-2.28799
-2.91518
-4.70805
27.0937
-41.1615
10.1688
-21.3137
-26.1609
-32.6752
11.9222
-3.07616
-18.2543
5.54377
14.3238
1.26805
146.82
18.045
3.7779
0.285609
77.5126
45.2551
3.16894
0.702868
-30.3358
-5.11461
-9.28202
10.236
32.047
3.70696
-2.94743
1.07289
28.6016
15.7968
-308.678
-49.3125
-27.0026
-15.6222
-1.04754
0.102821
-1.53629
-2.33901
-678.324
-106.594
21.578
28.0485
-4.94213
18.813
88.7208
21.2489
-52.206
-10.6021
59.1446
18.755
-5.10572
-14.3327
23.1077
-6.33371
-243.345
-39.1193
2.35817
25.444
20.3203
-1.96261
19.2727
7.90708
OK 11111111113
OK
OK 11111111111
OK 11111111111
 **********
 **    1 **SET PRINT           0
 **********
 **********
 **    2 **SET ERR         0.5
 **********
 PARAMETER DEFINITIONS:
    NO.   NAME         VALUE      STEP SIZE      LIMITS
     1 alpha_jpsi   5.86000e-01  1.00000e-02   -1.00000e+00  1.00000e+00
     2 dphi_jpsi    1.12100e+00  1.00000e-03   -3.14159e+00  3.14159e+00
OK 11111111111
     3 xi_alpha    -3.75600e-01  1.00000e-03   -1.00000e+00  0.00000e+00
     4 xi_phi       1.20000e-02  1.00000e-03   -3.14159e+00  3.14159e+00
     5 xib_alpha    3.75600e-01  1.00000e-03    0.00000e+00  1.00000e+00
     6 xib_phi     -1.20000e-02  1.00000e-03   -3.14159e+00  3.14159e+00
     7 L1_alpha     6.92000e-01  1.00000e-03    0.00000e+00  1.00000e+00
     8 L2_alpha    -7.51000e-01  1.00000e-03   -1.00000e+00  0.00000e+00
     9 L3_alpha     7.51000e-01  1.00000e-03    1.00000e+00  0.00000e+00
 MINUIT WARNING IN PARAM DEF
 ============== PARAMETER LIMITS WERE REVERSED.
 PARAMETER DEFINITIONS:
    NO.   NAME         VALUE      STEP SIZE      LIMITS
    10 L4_alpha    -6.92000e-01  1.00000e-03   -1.00000e+00  0.00000e+00
OK 11111111113
OK 11111111114
 **********
 **    3 **MINI
 **********
years : 0 0
years : 0 1
years : 0 2
years : 0 3
