
[1mRooFit v3.60 -- Developed by Wouter Verkerke and David Kirkby[0m 
                Copyright (C) 2000-2013 NIKHEF, University of California & Stanford University
                All rights reserved, please read http://roofit.sourceforge.net/license.txt

option -a

option -d with value `v1'
option -b

option -i with value `2009'
option -d with value `2009'
/data/liul/workarea/XIXI/fit/boost/2009/xixipm/v1/mdiy/mdiy30x.root => 2009
/data/liul/workarea/XIXI/fit/boost/2009/xixipm/v1/phsp/phsp30x.root => 2009
/data/liul/workarea/XIXI/fit/boost/2009/xixipm/v1/bkg1/bkg30x.root => 2009
/data/liul/workarea/XIXI/fit/boost/2009/xixipp/v1/mdiy/mdiy30x.root => 2009
/data/liul/workarea/XIXI/fit/boost/2009/xixipp/v1/phsp/phsp30x.root => 2009
/data/liul/workarea/XIXI/fit/boost/2009/xixipp/v1/bkg1/bkg30x.root => 2009
/data/liul/workarea/XIXI/fit/boost/2012/xixipm/v1/mdiy/mdiy30x.root => 2012
/data/liul/workarea/XIXI/fit/boost/2012/xixipm/v1/phsp/phsp30x.root => 2012
/data/liul/workarea/XIXI/fit/boost/2012/xixipm/v1/bkg1/bkg30x.root => 2012
/data/liul/workarea/XIXI/fit/boost/2012/xixipp/v1/mdiy/mdiy30x.root => 2012
/data/liul/workarea/XIXI/fit/boost/2012/xixipp/v1/phsp/phsp30x.root => 2012
/data/liul/workarea/XIXI/fit/boost/2012/xixipp/v1/bkg1/bkg30x.root => 2012
/data/liul/workarea/XIXI/fit/boost/2018/xixipm/v1/mdiy/mdiy30x.root => 2018
/data/liul/workarea/XIXI/fit/boost/2018/xixipm/v1/phsp/phsp30x.root => 2018
/data/liul/workarea/XIXI/fit/boost/2018/xixipm/v1/bkg1/bkg30x.root => 2018
/data/liul/workarea/XIXI/fit/boost/2018/xixipp/v1/mdiy/mdiy30x.root => 2018
/data/liul/workarea/XIXI/fit/boost/2018/xixipp/v1/phsp/phsp30x.root => 2018
/data/liul/workarea/XIXI/fit/boost/2018/xixipp/v1/bkg1/bkg30x.root => 2018
/data/liul/workarea/XIXI/fit/boost/2019/xixipm/v1/mdiy/mdiy30x.root => 2019
/data/liul/workarea/XIXI/fit/boost/2019/xixipm/v1/phsp/phsp30x.root => 2019
/data/liul/workarea/XIXI/fit/boost/2019/xixipm/v1/bkg1/bkg30x.root => 2019
/data/liul/workarea/XIXI/fit/boost/2019/xixipp/v1/mdiy/mdiy30x.root => 2019
/data/liul/workarea/XIXI/fit/boost/2019/xixipp/v1/phsp/phsp30x.root => 2019
/data/liul/workarea/XIXI/fit/boost/2019/xixipp/v1/bkg1/bkg30x.root => 2019

0   0
0   /data/liul/workarea/XIXI/fit/boost/2009/xixipm/v1/mdiy/mdiy30x.root mdiy 2009  xixipm
Warning in <TClass::Init>: no dictionary for class ROOT::TIOFeatures is available
/data/liul/workarea/XIXI/fit/boost/2009/xixipm/v1/mdiy/mdiy30x.root
Finish
0   0
1   /data/liul/workarea/XIXI/fit/boost/2009/xixipm/v1/phsp/phsp30x.root phsp 2009  xixipm
/data/liul/workarea/XIXI/fit/boost/2009/xixipm/v1/phsp/phsp30x.root
Finish
0   0
2   /data/liul/workarea/XIXI/fit/boost/2009/xixipm/v1/bkg1/bkg30x.root bkg1 2009  xixipm
/data/liul/workarea/XIXI/fit/boost/2009/xixipm/v1/bkg1/bkg30x.root
Finish
0   1
3   /data/liul/workarea/XIXI/fit/boost/2009/xixipp/v1/mdiy/mdiy30x.root mdiy 2009  xixipp
/data/liul/workarea/XIXI/fit/boost/2009/xixipp/v1/mdiy/mdiy30x.root
Finish
0   1
4   /data/liul/workarea/XIXI/fit/boost/2009/xixipp/v1/phsp/phsp30x.root phsp 2009  xixipp
/data/liul/workarea/XIXI/fit/boost/2009/xixipp/v1/phsp/phsp30x.root
Finish
0   1
5   /data/liul/workarea/XIXI/fit/boost/2009/xixipp/v1/bkg1/bkg30x.root bkg1 2009  xixipp
/data/liul/workarea/XIXI/fit/boost/2009/xixipp/v1/bkg1/bkg30x.root
Finish
1   0
6   /data/liul/workarea/XIXI/fit/boost/2012/xixipm/v1/mdiy/mdiy30x.root mdiy 2012  xixipm
/data/liul/workarea/XIXI/fit/boost/2012/xixipm/v1/mdiy/mdiy30x.root
Finish
1   0
7   /data/liul/workarea/XIXI/fit/boost/2012/xixipm/v1/phsp/phsp30x.root phsp 2012  xixipm
/data/liul/workarea/XIXI/fit/boost/2012/xixipm/v1/phsp/phsp30x.root
Finish
1   0
8   /data/liul/workarea/XIXI/fit/boost/2012/xixipm/v1/bkg1/bkg30x.root bkg1 2012  xixipm
/data/liul/workarea/XIXI/fit/boost/2012/xixipm/v1/bkg1/bkg30x.root
Finish
1   1
9   /data/liul/workarea/XIXI/fit/boost/2012/xixipp/v1/mdiy/mdiy30x.root mdiy 2012  xixipp
/data/liul/workarea/XIXI/fit/boost/2012/xixipp/v1/mdiy/mdiy30x.root
Finish
1   1
10   /data/liul/workarea/XIXI/fit/boost/2012/xixipp/v1/phsp/phsp30x.root phsp 2012  xixipp
/data/liul/workarea/XIXI/fit/boost/2012/xixipp/v1/phsp/phsp30x.root
Finish
1   1
11   /data/liul/workarea/XIXI/fit/boost/2012/xixipp/v1/bkg1/bkg30x.root bkg1 2012  xixipp
/data/liul/workarea/XIXI/fit/boost/2012/xixipp/v1/bkg1/bkg30x.root
Finish
2   0
12   /data/liul/workarea/XIXI/fit/boost/2018/xixipm/v1/mdiy/mdiy30x.root mdiy 2018  xixipm
/data/liul/workarea/XIXI/fit/boost/2018/xixipm/v1/mdiy/mdiy30x.root
Finish
2   0
13   /data/liul/workarea/XIXI/fit/boost/2018/xixipm/v1/phsp/phsp30x.root phsp 2018  xixipm

[1mRooFit v3.60 -- Developed by Wouter Verkerke and David Kirkby[0m 
                Copyright (C) 2000-2013 NIKHEF, University of California & Stanford University
                All rights reserved, please read http://roofit.sourceforge.net/license.txt

option -a

option -d with value `v1'
option -b

option -i with value `2009'
option -d with value `2009'
/data/liul/workarea/XIXI/fit/boost/2009/xixipm/v1/mdiy/mdiy30x.root => 2009
/data/liul/workarea/XIXI/fit/boost/2009/xixipm/v1/phsp/phsp30x.root => 2009
/data/liul/workarea/XIXI/fit/boost/2009/xixipm/v1/bkg1/bkg30x.root => 2009
/data/liul/workarea/XIXI/fit/boost/2009/xixipp/v1/mdiy/mdiy30x.root => 2009
/data/liul/workarea/XIXI/fit/boost/2009/xixipp/v1/phsp/phsp30x.root => 2009
/data/liul/workarea/XIXI/fit/boost/2009/xixipp/v1/bkg1/bkg30x.root => 2009
/data/liul/workarea/XIXI/fit/boost/2012/xixipm/v1/mdiy/mdiy30x.root => 2012
/data/liul/workarea/XIXI/fit/boost/2012/xixipm/v1/phsp/phsp30x.root => 2012
/data/liul/workarea/XIXI/fit/boost/2012/xixipm/v1/bkg1/bkg30x.root => 2012
/data/liul/workarea/XIXI/fit/boost/2012/xixipp/v1/mdiy/mdiy30x.root => 2012
/data/liul/workarea/XIXI/fit/boost/2012/xixipp/v1/phsp/phsp30x.root => 2012
/data/liul/workarea/XIXI/fit/boost/2012/xixipp/v1/bkg1/bkg30x.root => 2012
/data/liul/workarea/XIXI/fit/boost/2018/xixipm/v1/mdiy/mdiy30x.root => 2018
/data/liul/workarea/XIXI/fit/boost/2018/xixipm/v1/phsp/phsp30x.root => 2018
/data/liul/workarea/XIXI/fit/boost/2018/xixipm/v1/bkg1/bkg30x.root => 2018
/data/liul/workarea/XIXI/fit/boost/2018/xixipp/v1/mdiy/mdiy30x.root => 2018
/data/liul/workarea/XIXI/fit/boost/2018/xixipp/v1/phsp/phsp30x.root => 2018
/data/liul/workarea/XIXI/fit/boost/2018/xixipp/v1/bkg1/bkg30x.root => 2018
/data/liul/workarea/XIXI/fit/boost/2019/xixipm/v1/mdiy/mdiy30x.root => 2019
/data/liul/workarea/XIXI/fit/boost/2019/xixipm/v1/phsp/phsp30x.root => 2019
/data/liul/workarea/XIXI/fit/boost/2019/xixipm/v1/bkg1/bkg30x.root => 2019
/data/liul/workarea/XIXI/fit/boost/2019/xixipp/v1/mdiy/mdiy30x.root => 2019
/data/liul/workarea/XIXI/fit/boost/2019/xixipp/v1/phsp/phsp30x.root => 2019
/data/liul/workarea/XIXI/fit/boost/2019/xixipp/v1/bkg1/bkg30x.root => 2019

0   0
0   /data/liul/workarea/XIXI/fit/boost/2009/xixipm/v1/mdiy/mdiy30x.root mdiy 2009  xixipm
Warning in <TClass::Init>: no dictionary for class ROOT::TIOFeatures is available
/data/liul/workarea/XIXI/fit/boost/2009/xixipm/v1/mdiy/mdiy30x.root
Finish
0   0
1   /data/liul/workarea/XIXI/fit/boost/2009/xixipm/v1/phsp/phsp30x.root phsp 2009  xixipm
/data/liul/workarea/XIXI/fit/boost/2009/xixipm/v1/phsp/phsp30x.root
Finish
0   0
2   /data/liul/workarea/XIXI/fit/boost/2009/xixipm/v1/bkg1/bkg30x.root bkg1 2009  xixipm
/data/liul/workarea/XIXI/fit/boost/2009/xixipm/v1/bkg1/bkg30x.root
Finish
0   1
3   /data/liul/workarea/XIXI/fit/boost/2009/xixipp/v1/mdiy/mdiy30x.root mdiy 2009  xixipp
/data/liul/workarea/XIXI/fit/boost/2009/xixipp/v1/mdiy/mdiy30x.root
Finish
0   1
4   /data/liul/workarea/XIXI/fit/boost/2009/xixipp/v1/phsp/phsp30x.root phsp 2009  xixipp
/data/liul/workarea/XIXI/fit/boost/2009/xixipp/v1/phsp/phsp30x.root
Finish
0   1
5   /data/liul/workarea/XIXI/fit/boost/2009/xixipp/v1/bkg1/bkg30x.root bkg1 2009  xixipp
/data/liul/workarea/XIXI/fit/boost/2009/xixipp/v1/bkg1/bkg30x.root
Finish
1   0
6   /data/liul/workarea/XIXI/fit/boost/2012/xixipm/v1/mdiy/mdiy30x.root mdiy 2012  xixipm
/data/liul/workarea/XIXI/fit/boost/2012/xixipm/v1/mdiy/mdiy30x.root
Finish
1   0
7   /data/liul/workarea/XIXI/fit/boost/2012/xixipm/v1/phsp/phsp30x.root phsp 2012  xixipm
/data/liul/workarea/XIXI/fit/boost/2012/xixipm/v1/phsp/phsp30x.root
Finish
1   0
8   /data/liul/workarea/XIXI/fit/boost/2012/xixipm/v1/bkg1/bkg30x.root bkg1 2012  xixipm
/data/liul/workarea/XIXI/fit/boost/2012/xixipm/v1/bkg1/bkg30x.root
Finish
1   1
9   /data/liul/workarea/XIXI/fit/boost/2012/xixipp/v1/mdiy/mdiy30x.root mdiy 2012  xixipp
/data/liul/workarea/XIXI/fit/boost/2012/xixipp/v1/mdiy/mdiy30x.root
Finish
1   1
10   /data/liul/workarea/XIXI/fit/boost/2012/xixipp/v1/phsp/phsp30x.root phsp 2012  xixipp
/data/liul/workarea/XIXI/fit/boost/2012/xixipp/v1/phsp/phsp30x.root
Finish
1   1
11   /data/liul/workarea/XIXI/fit/boost/2012/xixipp/v1/bkg1/bkg30x.root bkg1 2012  xixipp
/data/liul/workarea/XIXI/fit/boost/2012/xixipp/v1/bkg1/bkg30x.root
Finish
2   0
12   /data/liul/workarea/XIXI/fit/boost/2018/xixipm/v1/mdiy/mdiy30x.root mdiy 2018  xixipm
/data/liul/workarea/XIXI/fit/boost/2018/xixipm/v1/mdiy/mdiy30x.root
Finish
2   0
13   /data/liul/workarea/XIXI/fit/boost/2018/xixipm/v1/phsp/phsp30x.root phsp 2018  xixipm
/data/liul/workarea/XIXI/fit/boost/2018/xixipm/v1/phsp/phsp30x.root
Finish
2   0
14   /data/liul/workarea/XIXI/fit/boost/2018/xixipm/v1/bkg1/bkg30x.root bkg1 2018  xixipm
/data/liul/workarea/XIXI/fit/boost/2018/xixipm/v1/bkg1/bkg30x.root
Finish
2   1
15   /data/liul/workarea/XIXI/fit/boost/2018/xixipp/v1/mdiy/mdiy30x.root mdiy 2018  xixipp
/data/liul/workarea/XIXI/fit/boost/2018/xixipp/v1/mdiy/mdiy30x.root
Finish
2   1
16   /data/liul/workarea/XIXI/fit/boost/2018/xixipp/v1/phsp/phsp30x.root phsp 2018  xixipp
/data/liul/workarea/XIXI/fit/boost/2018/xixipp/v1/phsp/phsp30x.root
Finish
2   1
17   /data/liul/workarea/XIXI/fit/boost/2018/xixipp/v1/bkg1/bkg30x.root bkg1 2018  xixipp
/data/liul/workarea/XIXI/fit/boost/2018/xixipp/v1/bkg1/bkg30x.root
Finish
3   0
18   /data/liul/workarea/XIXI/fit/boost/2019/xixipm/v1/mdiy/mdiy30x.root mdiy 2019  xixipm
/data/liul/workarea/XIXI/fit/boost/2019/xixipm/v1/mdiy/mdiy30x.root
Finish
3   0
19   /data/liul/workarea/XIXI/fit/boost/2019/xixipm/v1/phsp/phsp30x.root phsp 2019  xixipm
/data/liul/workarea/XIXI/fit/boost/2019/xixipm/v1/phsp/phsp30x.root
Finish
3   0
20   /data/liul/workarea/XIXI/fit/boost/2019/xixipm/v1/bkg1/bkg30x.root bkg1 2019  xixipm
/data/liul/workarea/XIXI/fit/boost/2019/xixipm/v1/bkg1/bkg30x.root
Finish
3   1
21   /data/liul/workarea/XIXI/fit/boost/2019/xixipp/v1/mdiy/mdiy30x.root mdiy 2019  xixipp
/data/liul/workarea/XIXI/fit/boost/2019/xixipp/v1/mdiy/mdiy30x.root
Finish
3   1
22   /data/liul/workarea/XIXI/fit/boost/2019/xixipp/v1/phsp/phsp30x.root phsp 2019  xixipp
/data/liul/workarea/XIXI/fit/boost/2019/xixipp/v1/phsp/phsp30x.root
Finish
3   1
23   /data/liul/workarea/XIXI/fit/boost/2019/xixipp/v1/bkg1/bkg30x.root bkg1 2019  xixipp
/data/liul/workarea/XIXI/fit/boost/2019/xixipp/v1/bkg1/bkg30x.root
Finish
N[0][0] : 3757
N[0][1] : 121755
N[0][2] : 26624
N[0][3] : 3652
N[0][4] : 116238
N[0][5] : 20877
N[1][0] : 20460
N[1][1] : 654635
N[1][2] : 143517
N[1][3] : 19262
N[1][4] : 620876
N[1][5] : 112184
N[2][0] : 73532
N[2][1] : 2354058
N[2][2] : 530890
N[2][3] : 68891
N[2][4] : 2201781
N[2][5] : 411328
N[3][0] : 72967
N[3][1] : 2340877
N[3][2] : 529316
N[3][3] : 67136
N[3][4] : 2148680
N[3][5] : 398110
out.txt
OK 11111111113
OK
OK 11111111111
OK 11111111111
 **********
 **    1 **SET PRINT           0
 **********
 **********
 **    2 **SET ERR         0.5
 **********
 PARAMETER DEFINITIONS:
    NO.   NAME         VALUE      STEP SIZE      LIMITS
     1 alpha_jpsi   5.86000e-01  1.00000e-03   -1.00000e+00  1.00000e+00
     2 dphi_jpsi    1.12100e+00  1.00000e-03   -3.14159e+00  3.14159e+00
OK 11111111111
     3 xi_alpha    -3.75600e-01  1.00000e-03   -1.00000e+00  0.00000e+00
     4 xi_phi       1.20000e-02  1.00000e-03   -3.14159e+00  3.14159e+00
     5 xib_alpha    3.75600e-01  1.00000e-03    0.00000e+00  1.00000e+00
     6 xib_phi     -1.20000e-02  1.00000e-03   -3.14159e+00  3.14159e+00
     7 L1_alpha     6.92000e-01  1.00000e-03    0.00000e+00  1.00000e+00
     8 L2_alpha    -7.51000e-01  1.00000e-03   -1.00000e+00  0.00000e+00
     9 L3_alpha     7.51000e-01  1.00000e-03    1.00000e+00  0.00000e+00
 MINUIT WARNING IN PARAM DEF
 ============== PARAMETER LIMITS WERE REVERSED.
 PARAMETER DEFINITIONS:
    NO.   NAME         VALUE      STEP SIZE      LIMITS
    10 L4_alpha    -6.92000e-01  1.00000e-03   -1.00000e+00  0.00000e+00
OK 11111111113
OK 11111111114
 **********
 **    3 **MINI
 **********
failure to call cuda kernel 004!
